SET enable_seqscan = off;
CREATE TABLE t (val real[]);
INSERT INTO t (val) VALUES ('{0,1,2}'), ('{1,2,3}'), ('{1,1,1}'), (NULL);
CREATE INDEX ON t USING disk_hnsw (val) WITH (dims=3, m=3);
INSERT INTO t (val) VALUES (array[1,2,4]);
explain SELECT * FROM t ORDER BY val <-> array[3,3,3];
                             QUERY PLAN                             
--------------------------------------------------------------------
 Index Scan using t_val_idx on t  (cost=4.02..8.06 rows=3 width=36)
   Order By: (val <-> '{3,3,3}'::real[])
(2 rows)

SELECT * FROM t ORDER BY val <-> array[3,3,3];
   val   
---------
 {1,2,3}
 {1,2,4}
 {1,1,1}
 {0,1,2}
(4 rows)

SELECT COUNT(*) FROM t;
 count 
-------
     5
(1 row)

CREATE INDEX ON t USING disk_hnsw (val ann_cos_ops) WITH (dims=3, m=3);
explain SELECT * FROM t ORDER BY val <=> array[3,3,3];
                             QUERY PLAN                              
---------------------------------------------------------------------
 Index Scan using t_val_idx1 on t  (cost=4.03..8.08 rows=4 width=36)
   Order By: (val <=> '{3,3,3}'::real[])
(2 rows)

SELECT * FROM t ORDER BY val <=> array[3,3,3];
   val   
---------
 {1,1,1}
 {1,2,3}
 {1,2,4}
 {0,1,2}
(4 rows)

CREATE INDEX ON t USING disk_hnsw (val ann_manhattan_ops) WITH (dims=3, m=3);
explain SELECT * FROM t ORDER BY val <~> array[3,3,3];
                             QUERY PLAN                              
---------------------------------------------------------------------
 Index Scan using t_val_idx2 on t  (cost=4.03..8.08 rows=4 width=36)
   Order By: (val <~> '{3,3,3}'::real[])
(2 rows)

SELECT * FROM t ORDER BY val <~> array[3,3,3];
   val   
---------
 {1,2,3}
 {1,2,4}
 {0,1,2}
 {1,1,1}
(4 rows)

SET enable_seqscan = on;
SELECT * FROM t ORDER BY val <-> array[3,3,3];
   val   
---------
 {1,2,3}
 {1,2,4}
 {1,1,1}
 {0,1,2}
 
(5 rows)

SELECT * FROM t ORDER BY val <=> array[3,3,3];
   val   
---------
 {1,1,1}
 {1,2,3}
 {1,2,4}
 {0,1,2}
 
(5 rows)

SELECT * FROM t ORDER BY val <~> array[3,3,3];
   val   
---------
 {1,2,3}
 {1,2,4}
 {0,1,2}
 {1,1,1}
 
(5 rows)

delete from t;
vacuum t;
INSERT INTO t (val) VALUES ('{0,1,2}'), ('{1,2,3}'), ('{1,1,1}'), (NULL), (array[1,2,4]);
SET enable_seqscan = off;
SELECT * FROM t ORDER BY val <-> array[3,3,3];
   val   
---------
 {1,2,3}
 {1,2,4}
 {1,1,1}
 {0,1,2}
(4 rows)

SELECT * FROM t ORDER BY val <=> array[3,3,3];
   val   
---------
 {1,1,1}
 {1,2,3}
 {1,2,4}
 {0,1,2}
(4 rows)

SELECT * FROM t ORDER BY val <~> array[3,3,3];
   val   
---------
 {1,2,3}
 {1,2,4}
 {0,1,2}
 {1,1,1}
(4 rows)

DROP TABLE t;
